C:\Users\daxiong\desktop\VS2012\Code\c++_primer_plus\Debug\c++_primer_plus.lib
C:\Users\daxiong\desktop\VS2012\Code\c++_primer_plus\Debug\c++_primer_plus.exp
C:\USERS\DAXIONG\DESKTOP\VS2012\CODE\C++_PRIMER_PLUS\C++_PRIMER_PLUS\DEBUG\001 测试 隐式链接.OBJ
C:\USERS\DAXIONG\DESKTOP\VS2012\CODE\C++_PRIMER_PLUS\C++_PRIMER_PLUS\DEBUG\VC110.PDB
C:\USERS\DAXIONG\DESKTOP\VS2012\CODE\C++_PRIMER_PLUS\C++_PRIMER_PLUS\DEBUG\002 测试 使用模块定义文件.OBJ
C:\USERS\DAXIONG\DESKTOP\VS2012\CODE\C++_PRIMER_PLUS\C++_PRIMER_PLUS\DEBUG\003 测试 动态链接DLL.OBJ
C:\USERS\DAXIONG\DESKTOP\VS2012\CODE\C++_PRIMER_PLUS\C++_PRIMER_PLUS\DEBUG\01 HEABKING 文件中的文本替换.OBJ
C:\USERS\DAXIONG\DESKTOP\VS2012\CODE\C++_PRIMER_PLUS\DEBUG\C++_PRIMER_PLUS.ILK
C:\USERS\DAXIONG\DESKTOP\VS2012\CODE\C++_PRIMER_PLUS\DEBUG\C++_PRIMER_PLUS.EXE
C:\USERS\DAXIONG\DESKTOP\VS2012\CODE\C++_PRIMER_PLUS\DEBUG\C++_PRIMER_PLUS.PDB
C:\Users\daxiong\desktop\VS2012\Code\c++_primer_plus\c++_primer_plus\Debug\001 测试 隐式链接.obj
C:\Users\daxiong\desktop\VS2012\Code\c++_primer_plus\c++_primer_plus\Debug\002 测试 使用模块定义文件.obj
C:\Users\daxiong\desktop\VS2012\Code\c++_primer_plus\c++_primer_plus\Debug\003 测试 动态链接DLL.obj
C:\Users\daxiong\desktop\VS2012\Code\c++_primer_plus\c++_primer_plus\Debug\01 HeabKing 文件中的文本替换.obj
C:\Users\daxiong\desktop\VS2012\Code\c++_primer_plus\c++_primer_plus\Debug\c++_primer_plus.write.1.tlog
C:\Users\daxiong\desktop\VS2012\Code\c++_primer_plus\c++_primer_plus\Debug\cl.command.1.tlog
C:\Users\daxiong\desktop\VS2012\Code\c++_primer_plus\c++_primer_plus\Debug\CL.read.1.tlog
C:\Users\daxiong\desktop\VS2012\Code\c++_primer_plus\c++_primer_plus\Debug\CL.write.1.tlog
C:\Users\daxiong\desktop\VS2012\Code\c++_primer_plus\c++_primer_plus\Debug\link-cvtres.read.1.tlog
C:\Users\daxiong\desktop\VS2012\Code\c++_primer_plus\c++_primer_plus\Debug\link-cvtres.write.1.tlog
C:\Users\daxiong\desktop\VS2012\Code\c++_primer_plus\c++_primer_plus\Debug\link-rc.read.1.tlog
C:\Users\daxiong\desktop\VS2012\Code\c++_primer_plus\c++_primer_plus\Debug\link-rc.write.1.tlog
C:\Users\daxiong\desktop\VS2012\Code\c++_primer_plus\c++_primer_plus\Debug\link.10052-cvtres.read.1.tlog
C:\Users\daxiong\desktop\VS2012\Code\c++_primer_plus\c++_primer_plus\Debug\link.10052-cvtres.write.1.tlog
C:\Users\daxiong\desktop\VS2012\Code\c++_primer_plus\c++_primer_plus\Debug\link.10052-rc.read.1.tlog
C:\Users\daxiong\desktop\VS2012\Code\c++_primer_plus\c++_primer_plus\Debug\link.10052-rc.write.1.tlog
C:\Users\daxiong\desktop\VS2012\Code\c++_primer_plus\c++_primer_plus\Debug\link.10052.read.1.tlog
C:\Users\daxiong\desktop\VS2012\Code\c++_primer_plus\c++_primer_plus\Debug\link.10052.write.1.tlog
C:\Users\daxiong\desktop\VS2012\Code\c++_primer_plus\c++_primer_plus\Debug\link.11232-cvtres.read.1.tlog
C:\Users\daxiong\desktop\VS2012\Code\c++_primer_plus\c++_primer_plus\Debug\link.11232-cvtres.write.1.tlog
C:\Users\daxiong\desktop\VS2012\Code\c++_primer_plus\c++_primer_plus\Debug\link.11232-rc.read.1.tlog
C:\Users\daxiong\desktop\VS2012\Code\c++_primer_plus\c++_primer_plus\Debug\link.11232-rc.write.1.tlog
C:\Users\daxiong\desktop\VS2012\Code\c++_primer_plus\c++_primer_plus\Debug\link.11232.read.1.tlog
C:\Users\daxiong\desktop\VS2012\Code\c++_primer_plus\c++_primer_plus\Debug\link.11232.write.1.tlog
C:\Users\daxiong\desktop\VS2012\Code\c++_primer_plus\c++_primer_plus\Debug\link.11800-cvtres.read.1.tlog
C:\Users\daxiong\desktop\VS2012\Code\c++_primer_plus\c++_primer_plus\Debug\link.11800-cvtres.write.1.tlog
C:\Users\daxiong\desktop\VS2012\Code\c++_primer_plus\c++_primer_plus\Debug\link.11800-rc.read.1.tlog
C:\Users\daxiong\desktop\VS2012\Code\c++_primer_plus\c++_primer_plus\Debug\link.11800-rc.write.1.tlog
C:\Users\daxiong\desktop\VS2012\Code\c++_primer_plus\c++_primer_plus\Debug\link.11800.read.1.tlog
C:\Users\daxiong\desktop\VS2012\Code\c++_primer_plus\c++_primer_plus\Debug\link.11800.write.1.tlog
C:\Users\daxiong\desktop\VS2012\Code\c++_primer_plus\c++_primer_plus\Debug\link.13020-cvtres.read.1.tlog
C:\Users\daxiong\desktop\VS2012\Code\c++_primer_plus\c++_primer_plus\Debug\link.13020-cvtres.write.1.tlog
C:\Users\daxiong\desktop\VS2012\Code\c++_primer_plus\c++_primer_plus\Debug\link.13020-rc.read.1.tlog
C:\Users\daxiong\desktop\VS2012\Code\c++_primer_plus\c++_primer_plus\Debug\link.13020-rc.write.1.tlog
C:\Users\daxiong\desktop\VS2012\Code\c++_primer_plus\c++_primer_plus\Debug\link.13020.read.1.tlog
C:\Users\daxiong\desktop\VS2012\Code\c++_primer_plus\c++_primer_plus\Debug\link.13020.write.1.tlog
C:\Users\daxiong\desktop\VS2012\Code\c++_primer_plus\c++_primer_plus\Debug\link.13276-cvtres.read.1.tlog
C:\Users\daxiong\desktop\VS2012\Code\c++_primer_plus\c++_primer_plus\Debug\link.13276-cvtres.write.1.tlog
C:\Users\daxiong\desktop\VS2012\Code\c++_primer_plus\c++_primer_plus\Debug\link.13276-rc.read.1.tlog
C:\Users\daxiong\desktop\VS2012\Code\c++_primer_plus\c++_primer_plus\Debug\link.13276-rc.write.1.tlog
C:\Users\daxiong\desktop\VS2012\Code\c++_primer_plus\c++_primer_plus\Debug\link.13276.read.1.tlog
C:\Users\daxiong\desktop\VS2012\Code\c++_primer_plus\c++_primer_plus\Debug\link.13276.write.1.tlog
C:\Users\daxiong\desktop\VS2012\Code\c++_primer_plus\c++_primer_plus\Debug\link.15196-cvtres.read.1.tlog
C:\Users\daxiong\desktop\VS2012\Code\c++_primer_plus\c++_primer_plus\Debug\link.15196-cvtres.write.1.tlog
C:\Users\daxiong\desktop\VS2012\Code\c++_primer_plus\c++_primer_plus\Debug\link.15196-rc.read.1.tlog
C:\Users\daxiong\desktop\VS2012\Code\c++_primer_plus\c++_primer_plus\Debug\link.15196-rc.write.1.tlog
C:\Users\daxiong\desktop\VS2012\Code\c++_primer_plus\c++_primer_plus\Debug\link.15196.read.1.tlog
C:\Users\daxiong\desktop\VS2012\Code\c++_primer_plus\c++_primer_plus\Debug\link.15196.write.1.tlog
C:\Users\daxiong\desktop\VS2012\Code\c++_primer_plus\c++_primer_plus\Debug\link.2116-cvtres.read.1.tlog
C:\Users\daxiong\desktop\VS2012\Code\c++_primer_plus\c++_primer_plus\Debug\link.2116-cvtres.write.1.tlog
C:\Users\daxiong\desktop\VS2012\Code\c++_primer_plus\c++_primer_plus\Debug\link.2116-rc.read.1.tlog
C:\Users\daxiong\desktop\VS2012\Code\c++_primer_plus\c++_primer_plus\Debug\link.2116-rc.write.1.tlog
C:\Users\daxiong\desktop\VS2012\Code\c++_primer_plus\c++_primer_plus\Debug\link.2116.read.1.tlog
C:\Users\daxiong\desktop\VS2012\Code\c++_primer_plus\c++_primer_plus\Debug\link.2116.write.1.tlog
C:\Users\daxiong\desktop\VS2012\Code\c++_primer_plus\c++_primer_plus\Debug\link.2964-cvtres.read.1.tlog
C:\Users\daxiong\desktop\VS2012\Code\c++_primer_plus\c++_primer_plus\Debug\link.2964-cvtres.write.1.tlog
C:\Users\daxiong\desktop\VS2012\Code\c++_primer_plus\c++_primer_plus\Debug\link.2964-rc.read.1.tlog
C:\Users\daxiong\desktop\VS2012\Code\c++_primer_plus\c++_primer_plus\Debug\link.2964-rc.write.1.tlog
C:\Users\daxiong\desktop\VS2012\Code\c++_primer_plus\c++_primer_plus\Debug\link.2964.read.1.tlog
C:\Users\daxiong\desktop\VS2012\Code\c++_primer_plus\c++_primer_plus\Debug\link.2964.write.1.tlog
C:\Users\daxiong\desktop\VS2012\Code\c++_primer_plus\c++_primer_plus\Debug\link.2972-cvtres.read.1.tlog
C:\Users\daxiong\desktop\VS2012\Code\c++_primer_plus\c++_primer_plus\Debug\link.2972-cvtres.write.1.tlog
C:\Users\daxiong\desktop\VS2012\Code\c++_primer_plus\c++_primer_plus\Debug\link.2972-rc.read.1.tlog
C:\Users\daxiong\desktop\VS2012\Code\c++_primer_plus\c++_primer_plus\Debug\link.2972-rc.write.1.tlog
C:\Users\daxiong\desktop\VS2012\Code\c++_primer_plus\c++_primer_plus\Debug\link.2972.read.1.tlog
C:\Users\daxiong\desktop\VS2012\Code\c++_primer_plus\c++_primer_plus\Debug\link.2972.write.1.tlog
C:\Users\daxiong\desktop\VS2012\Code\c++_primer_plus\c++_primer_plus\Debug\link.4424-cvtres.read.1.tlog
C:\Users\daxiong\desktop\VS2012\Code\c++_primer_plus\c++_primer_plus\Debug\link.4424-cvtres.write.1.tlog
C:\Users\daxiong\desktop\VS2012\Code\c++_primer_plus\c++_primer_plus\Debug\link.4424-rc.read.1.tlog
C:\Users\daxiong\desktop\VS2012\Code\c++_primer_plus\c++_primer_plus\Debug\link.4424-rc.write.1.tlog
C:\Users\daxiong\desktop\VS2012\Code\c++_primer_plus\c++_primer_plus\Debug\link.4424.read.1.tlog
C:\Users\daxiong\desktop\VS2012\Code\c++_primer_plus\c++_primer_plus\Debug\link.4424.write.1.tlog
C:\Users\daxiong\desktop\VS2012\Code\c++_primer_plus\c++_primer_plus\Debug\link.5976-cvtres.read.1.tlog
C:\Users\daxiong\desktop\VS2012\Code\c++_primer_plus\c++_primer_plus\Debug\link.5976-cvtres.write.1.tlog
C:\Users\daxiong\desktop\VS2012\Code\c++_primer_plus\c++_primer_plus\Debug\link.5976-rc.read.1.tlog
C:\Users\daxiong\desktop\VS2012\Code\c++_primer_plus\c++_primer_plus\Debug\link.5976-rc.write.1.tlog
C:\Users\daxiong\desktop\VS2012\Code\c++_primer_plus\c++_primer_plus\Debug\link.5976.read.1.tlog
C:\Users\daxiong\desktop\VS2012\Code\c++_primer_plus\c++_primer_plus\Debug\link.5976.write.1.tlog
C:\Users\daxiong\desktop\VS2012\Code\c++_primer_plus\c++_primer_plus\Debug\link.6464-cvtres.read.1.tlog
C:\Users\daxiong\desktop\VS2012\Code\c++_primer_plus\c++_primer_plus\Debug\link.6464-cvtres.write.1.tlog
C:\Users\daxiong\desktop\VS2012\Code\c++_primer_plus\c++_primer_plus\Debug\link.6464-rc.read.1.tlog
C:\Users\daxiong\desktop\VS2012\Code\c++_primer_plus\c++_primer_plus\Debug\link.6464-rc.write.1.tlog
C:\Users\daxiong\desktop\VS2012\Code\c++_primer_plus\c++_primer_plus\Debug\link.6464.read.1.tlog
C:\Users\daxiong\desktop\VS2012\Code\c++_primer_plus\c++_primer_plus\Debug\link.6464.write.1.tlog
C:\Users\daxiong\desktop\VS2012\Code\c++_primer_plus\c++_primer_plus\Debug\link.9456-cvtres.read.1.tlog
C:\Users\daxiong\desktop\VS2012\Code\c++_primer_plus\c++_primer_plus\Debug\link.9456-cvtres.write.1.tlog
C:\Users\daxiong\desktop\VS2012\Code\c++_primer_plus\c++_primer_plus\Debug\link.9456-rc.read.1.tlog
C:\Users\daxiong\desktop\VS2012\Code\c++_primer_plus\c++_primer_plus\Debug\link.9456-rc.write.1.tlog
C:\Users\daxiong\desktop\VS2012\Code\c++_primer_plus\c++_primer_plus\Debug\link.9456.read.1.tlog
C:\Users\daxiong\desktop\VS2012\Code\c++_primer_plus\c++_primer_plus\Debug\link.9456.write.1.tlog
C:\Users\daxiong\desktop\VS2012\Code\c++_primer_plus\c++_primer_plus\Debug\link.9584-cvtres.read.1.tlog
C:\Users\daxiong\desktop\VS2012\Code\c++_primer_plus\c++_primer_plus\Debug\link.9584-cvtres.write.1.tlog
C:\Users\daxiong\desktop\VS2012\Code\c++_primer_plus\c++_primer_plus\Debug\link.9584-rc.read.1.tlog
C:\Users\daxiong\desktop\VS2012\Code\c++_primer_plus\c++_primer_plus\Debug\link.9584-rc.write.1.tlog
C:\Users\daxiong\desktop\VS2012\Code\c++_primer_plus\c++_primer_plus\Debug\link.9584.read.1.tlog
C:\Users\daxiong\desktop\VS2012\Code\c++_primer_plus\c++_primer_plus\Debug\link.9584.write.1.tlog
C:\Users\daxiong\desktop\VS2012\Code\c++_primer_plus\c++_primer_plus\Debug\link.command.1.tlog
C:\Users\daxiong\desktop\VS2012\Code\c++_primer_plus\c++_primer_plus\Debug\link.read.1.tlog
C:\Users\daxiong\desktop\VS2012\Code\c++_primer_plus\c++_primer_plus\Debug\link.write.1.tlog
C:\Users\daxiong\desktop\VS2012\Code\c++_primer_plus\c++_primer_plus\Debug\vc110.idb
C:\Users\daxiong\desktop\VS2012\Code\c++_primer_plus\c++_primer_plus\Debug\vc110.pdb
C:\Users\daxiong\desktop\VS2012\Code\c++_primer_plus\Debug\c++_primer_plus.pdb
C:\Users\daxiong\desktop\VS2012\Code\c++_primer_plus\Debug\c++_primer_plus.exe
C:\Users\daxiong\desktop\VS2012\Code\c++_primer_plus\Debug\c++_primer_plus.ilk
